2026-05-13 09:26:27,864 [INFO] [HB] Thread dimulai, interval=15s
2026-05-13 09:26:27,865 [INFO] [CMD] Thread dimulai, interval=3s
2026-05-13 09:26:27,865 [INFO] === SIMULATE MODE — tidak ada model/kamera yang dibutuhkan ===
2026-05-13 09:26:27,866 [INFO] [HB] cam=False rcwl=False relay=False state=IDLE emergency=False
2026-05-13 09:26:27,867 [INFO] [SIM] IDLE — menunggu gerakan...
2026-05-13 09:26:32,252 [INFO] [Supabase] Terkirim | type=heartbeat
2026-05-13 09:26:47,269 [INFO] [HB] cam=False rcwl=True relay=False state=IDLE emergency=False
2026-05-13 09:26:47,527 [INFO] [Supabase] Terkirim | type=heartbeat
2026-05-13 09:26:47,892 [INFO] [SIM] Deteksi: Caterpillar 90% count=3
2026-05-13 09:26:54,722 [INFO] [Supabase] Terkirim | type=detection
2026-05-13 09:26:54,724 [INFO] [SIM] Detection payload terkirim
2026-05-13 09:27:04,063 [INFO] [HB] cam=False rcwl=True relay=False state=IDLE emergency=False
2026-05-13 09:27:07,899 [INFO] [Supabase] Terkirim | type=heartbeat
2026-05-13 09:27:17,747 [INFO] [SIM] IDLE — menunggu gerakan...
2026-05-13 09:27:22,917 [INFO] [HB] cam=False rcwl=True relay=False state=IDLE emergency=False
2026-05-13 09:27:25,052 [INFO] [Supabase] Terkirim | type=heartbeat
2026-05-13 09:27:39,300 [INFO] [SIM] Deteksi: Aphid 67% count=2
2026-05-13 09:27:40,069 [INFO] [HB] cam=True rcwl=True relay=False state=ACTIVE emergency=False
2026-05-13 09:27:44,398 [INFO] [Supabase] Terkirim | type=heartbeat
2026-05-13 09:27:44,446 [INFO] [Supabase] Terkirim | type=detection
2026-05-13 09:27:44,448 [INFO] [SIM] Detection payload terkirim
2026-05-13 09:28:00,858 [INFO] [HB] cam=False rcwl=True relay=False state=IDLE emergency=False
2026-05-13 09:28:01,733 [INFO] [Supabase] Terkirim | type=heartbeat
2026-05-13 09:28:08,910 [INFO] [SIM] IDLE — menunggu gerakan...
2026-05-13 09:28:16,750 [INFO] [HB] cam=False rcwl=True relay=False state=IDLE emergency=False
2026-05-13 09:28:18,001 [INFO] [Supabase] Terkirim | type=heartbeat
2026-05-13 09:28:29,003 [INFO] [SIM] Deteksi: Whitefly 69% count=2
2026-05-13 09:28:34,521 [INFO] [HB] cam=False rcwl=True relay=True state=SPRAYING emergency=False
2026-05-13 09:28:35,767 [INFO] [Supabase] Terkirim | type=heartbeat
2026-05-13 09:28:35,770 [INFO] [Supabase] Terkirim | type=detection
2026-05-13 09:28:35,772 [INFO] [SIM] Detection payload terkirim
2026-05-13 09:28:50,785 [INFO] [HB] cam=False rcwl=True relay=False state=IDLE emergency=False
2026-05-13 09:28:51,096 [INFO] [Supabase] Terkirim | type=heartbeat
2026-05-13 09:28:58,789 [INFO] [SIM] IDLE — menunggu gerakan...
2026-05-13 09:29:07,414 [INFO] [HB] cam=False rcwl=True relay=False state=IDLE emergency=False
2026-05-13 09:29:10,605 [INFO] [Supabase] Terkirim | type=heartbeat
2026-05-13 09:29:20,115 [INFO] [SIM] Deteksi: Aphid 96% count=4
2026-05-13 09:29:22,400 [INFO] [Supabase] Terkirim | type=detection
2026-05-13 09:29:22,404 [INFO] [SIM] Detection payload terkirim
2026-05-13 09:29:25,623 [INFO] [HB] cam=False rcwl=True relay=False state=IDLE emergency=False
2026-05-13 09:29:27,515 [INFO] [Supabase] Terkirim | type=heartbeat
2026-05-13 09:29:43,912 [INFO] [HB] cam=False rcwl=True relay=False state=IDLE emergency=False
2026-05-13 09:29:45,075 [INFO] [Supabase] Terkirim | type=heartbeat
2026-05-13 09:29:46,806 [INFO] [SIM] IDLE — menunggu gerakan...
2026-05-13 09:30:00,094 [INFO] [HB] cam=False rcwl=True relay=False state=IDLE emergency=False
2026-05-13 09:30:03,267 [INFO] [Supabase] Terkirim | type=heartbeat
2026-05-13 09:30:06,828 [INFO] [SIM] Deteksi: Aphid 68% count=4
2026-05-13 09:30:15,352 [INFO] [Supabase] Terkirim | type=detection
2026-05-13 09:30:15,355 [INFO] [SIM] Detection payload terkirim
2026-05-13 09:30:19,750 [INFO] [HB] cam=False rcwl=True relay=False state=IDLE emergency=False
2026-05-13 09:30:23,366 [INFO] [Supabase] Terkirim | type=heartbeat
2026-05-13 09:30:38,375 [INFO] [SIM] IDLE — menunggu gerakan...
2026-05-13 09:30:38,378 [INFO] [HB] cam=False rcwl=True relay=False state=IDLE emergency=False
2026-05-13 09:30:47,901 [INFO] [Supabase] Terkirim | type=heartbeat
2026-05-13 09:30:59,773 [INFO] [SIM] Deteksi: Caterpillar 90% count=1
2026-05-13 09:31:02,922 [INFO] [HB] cam=False rcwl=True relay=True state=SPRAYING emergency=False
2026-05-13 09:31:05,796 [INFO] [Supabase] Terkirim | type=detection
2026-05-13 09:31:05,800 [INFO] [SIM] Detection payload terkirim
2026-05-13 09:31:05,815 [INFO] [Supabase] Terkirim | type=heartbeat
2026-05-13 09:31:22,305 [INFO] [HB] cam=False rcwl=True relay=False state=IDLE emergency=False
2026-05-13 09:31:26,222 [INFO] [Supabase] Terkirim | type=heartbeat
2026-05-13 09:31:30,287 [INFO] [SIM] IDLE — menunggu gerakan...
2026-05-13 09:31:41,238 [INFO] [HB] cam=False rcwl=True relay=False state=IDLE emergency=False
2026-05-13 09:31:44,626 [INFO] [Supabase] Terkirim | type=heartbeat
2026-05-13 09:31:50,309 [INFO] [SIM] Deteksi: Grasshopper 85% count=2
2026-05-13 09:31:52,614 [INFO] [Supabase] Terkirim | type=detection
2026-05-13 09:31:52,639 [INFO] [SIM] Detection payload terkirim
2026-05-13 09:32:01,013 [INFO] [HB] cam=False rcwl=True relay=False state=IDLE emergency=False
2026-05-13 09:32:01,219 [INFO] [Supabase] Terkirim | type=heartbeat
2026-05-13 09:32:16,236 [INFO] [HB] cam=False rcwl=True relay=False state=IDLE emergency=False
2026-05-13 09:32:17,076 [INFO] [SIM] IDLE — menunggu gerakan...
2026-05-13 09:32:18,500 [INFO] [Supabase] Terkirim | type=heartbeat
2026-05-13 09:32:34,973 [INFO] [HB] cam=False rcwl=True relay=False state=IDLE emergency=False
2026-05-13 09:32:38,557 [INFO] [SIM] Deteksi: Aphid 76% count=2
2026-05-13 09:32:40,136 [INFO] [Supabase] Terkirim | type=heartbeat
2026-05-13 09:32:40,786 [INFO] [Supabase] Terkirim | type=detection
2026-05-13 09:32:40,787 [INFO] [SIM] Detection payload terkirim
2026-05-13 09:32:55,158 [INFO] [HB] cam=False rcwl=True relay=False state=IDLE emergency=False
2026-05-13 09:32:57,128 [INFO] [Supabase] Terkirim | type=heartbeat
2026-05-13 09:33:05,245 [INFO] [SIM] IDLE — menunggu gerakan...
2026-05-13 09:33:13,583 [INFO] [HB] cam=False rcwl=True relay=False state=IDLE emergency=False
2026-05-13 09:33:13,800 [INFO] [Supabase] Terkirim | type=heartbeat
2026-05-13 09:33:25,262 [INFO] [SIM] Deteksi: Aphid 74% count=3
2026-05-13 09:33:28,003 [INFO] [Supabase] Terkirim | type=detection
2026-05-13 09:33:28,052 [INFO] [SIM] Detection payload terkirim
2026-05-13 09:33:28,812 [INFO] [HB] cam=False rcwl=True relay=True state=SPRAYING emergency=False
2026-05-13 09:33:29,123 [INFO] [Supabase] Terkirim | type=heartbeat
2026-05-13 09:33:45,517 [INFO] [HB] cam=False rcwl=True relay=False state=IDLE emergency=False
2026-05-13 09:33:45,743 [INFO] [Supabase] Terkirim | type=heartbeat
2026-05-13 09:33:52,484 [INFO] [SIM] IDLE — menunggu gerakan...
2026-05-13 09:34:00,761 [INFO] [HB] cam=False rcwl=True relay=False state=IDLE emergency=False
2026-05-13 09:34:02,497 [INFO] [Supabase] Terkirim | type=heartbeat
2026-05-13 09:34:13,903 [INFO] [SIM] Deteksi: Caterpillar 65% count=4
2026-05-13 09:34:18,908 [INFO] [HB] cam=False rcwl=True relay=True state=SPRAYING emergency=False
2026-05-13 09:34:19,349 [INFO] [Supabase] Terkirim | type=detection
2026-05-13 09:34:19,350 [INFO] [SIM] Detection payload terkirim
2026-05-13 09:34:25,570 [INFO] [Supabase] Terkirim | type=heartbeat
2026-05-13 09:34:40,583 [INFO] [HB] cam=False rcwl=True relay=False state=IDLE emergency=False
2026-05-13 09:34:40,808 [INFO] [Supabase] Terkirim | type=heartbeat
2026-05-13 09:34:42,364 [INFO] [SIM] IDLE — menunggu gerakan...
2026-05-13 09:34:57,213 [INFO] [HB] cam=False rcwl=True relay=False state=IDLE emergency=False
2026-05-13 09:35:02,412 [INFO] [Supabase] Terkirim | type=heartbeat
2026-05-13 09:35:03,779 [INFO] [SIM] Deteksi: Aphid 83% count=1
2026-05-13 09:35:11,054 [INFO] [Supabase] Terkirim | type=detection
2026-05-13 09:35:11,058 [INFO] [SIM] Detection payload terkirim
2026-05-13 09:35:18,720 [INFO] [HB] cam=False rcwl=True relay=False state=IDLE emergency=False
2026-05-13 09:35:18,951 [INFO] [Supabase] Terkirim | type=heartbeat
2026-05-13 09:35:33,969 [INFO] [HB] cam=False rcwl=True relay=False state=IDLE emergency=False
2026-05-13 09:35:35,381 [INFO] [SIM] IDLE — menunggu gerakan...
2026-05-13 09:35:37,148 [INFO] [Supabase] Terkirim | type=heartbeat
2026-05-13 09:35:53,553 [INFO] [HB] cam=False rcwl=True relay=False state=IDLE emergency=False
2026-05-13 09:35:56,344 [INFO] [Supabase] Terkirim | type=heartbeat
2026-05-13 09:35:56,783 [INFO] [SIM] Deteksi: Caterpillar 85% count=4
2026-05-13 09:35:59,008 [INFO] [Supabase] Terkirim | type=detection
2026-05-13 09:35:59,011 [INFO] [SIM] Detection payload terkirim
2026-05-13 09:36:11,358 [INFO] [HB] cam=False rcwl=True relay=False state=IDLE emergency=False
2026-05-13 09:36:11,808 [INFO] [Supabase] Terkirim | type=heartbeat
2026-05-13 09:36:22,035 [INFO] [SIM] IDLE — menunggu gerakan...
2026-05-13 09:36:28,518 [INFO] [HB] cam=False rcwl=True relay=False state=IDLE emergency=False
2026-05-13 09:36:30,016 [INFO] [Supabase] Terkirim | type=heartbeat
2026-05-13 09:36:43,754 [INFO] [SIM] Deteksi: Aphid 95% count=1
2026-05-13 09:36:45,031 [INFO] [HB] cam=True rcwl=True relay=False state=ACTIVE emergency=False
2026-05-13 09:36:45,431 [INFO] [Supabase] Terkirim | type=heartbeat
2026-05-13 09:36:46,109 [INFO] [Supabase] Terkirim | type=detection
2026-05-13 09:36:46,116 [INFO] [SIM] Detection payload terkirim
2026-05-13 09:37:01,952 [INFO] [HB] cam=False rcwl=True relay=False state=IDLE emergency=False
2026-05-13 09:37:10,428 [ERROR] [CMD] Fetch error: HTTPSConnectionPool(host='brfuwgkkvsnbpmssfbwx.supabase.co', port=443): Max retries exceeded with url: /rest/v1/device_commands?status=eq.pending&order=created_at.asc (Caused by NewConnectionError('<urllib3.connection.HTTPSConnection object at 0x76176b3c1510>: Failed to establish a new connection: [Errno -3] Temporary failure in name resolution'))
2026-05-13 09:37:10,649 [INFO] [SIM] IDLE — menunggu gerakan...
2026-05-13 09:37:11,977 [ERROR] [Supabase] Error: HTTPSConnectionPool(host='brfuwgkkvsnbpmssfbwx.supabase.co', port=443): Max retries exceeded with url: /rest/v1/pest_detection (Caused by NewConnectionError('<urllib3.connection.HTTPSConnection object at 0x76176b3c15a0>: Failed to establish a new connection: [Errno -3] Temporary failure in name resolution'))
2026-05-13 09:37:26,993 [INFO] [HB] cam=False rcwl=True relay=False state=IDLE emergency=False
2026-05-13 09:37:27,237 [INFO] [Supabase] Terkirim | type=heartbeat
2026-05-13 09:37:30,666 [INFO] [SIM] Deteksi: Whitefly 63% count=3
2026-05-13 09:37:37,377 [INFO] [Supabase] Terkirim | type=detection
2026-05-13 09:37:37,379 [INFO] [SIM] Detection payload terkirim
2026-05-13 09:37:43,718 [INFO] [HB] cam=False rcwl=True relay=False state=IDLE emergency=False
2026-05-13 09:37:53,944 [INFO] [Supabase] Terkirim | type=heartbeat
2026-05-13 09:38:00,404 [INFO] [SIM] IDLE — menunggu gerakan...
2026-05-13 09:38:10,406 [INFO] [HB] cam=False rcwl=True relay=False state=IDLE emergency=False
2026-05-13 09:38:10,690 [INFO] [Supabase] Terkirim | type=heartbeat
2026-05-13 09:38:21,869 [INFO] [SIM] Deteksi: Caterpillar 87% count=4
2026-05-13 09:38:24,079 [INFO] [Supabase] Terkirim | type=detection
2026-05-13 09:38:24,080 [INFO] [SIM] Detection payload terkirim
2026-05-13 09:38:25,706 [INFO] [HB] cam=False rcwl=True relay=True state=SPRAYING emergency=False
2026-05-13 09:38:25,976 [INFO] [Supabase] Terkirim | type=heartbeat
2026-05-13 09:38:42,572 [INFO] [HB] cam=False rcwl=True relay=False state=IDLE emergency=False
2026-05-13 09:38:42,795 [INFO] [Supabase] Terkirim | type=heartbeat
2026-05-13 09:38:46,902 [INFO] Dihentikan oleh pengguna.
2026-05-13 09:38:47,831 [INFO] [HB] Thread berhenti
2026-05-13 09:38:47,947 [INFO] [CMD] Thread berhenti
2026-05-13 09:38:47,948 [INFO] Relay OFF
2026-05-13 09:38:47,950 [INFO] === Simulate mode dimatikan ===
2026-05-13 09:38:50,101 [INFO] [HB] Thread dimulai, interval=15s
2026-05-13 09:38:50,101 [INFO] [CMD] Thread dimulai, interval=3s
2026-05-13 09:38:50,102 [INFO] === SIMULATE MODE — tidak ada model/kamera yang dibutuhkan ===
2026-05-13 09:38:50,103 [INFO] [HB] cam=False rcwl=False relay=False state=IDLE emergency=False
2026-05-13 09:38:50,106 [INFO] [SIM] IDLE — menunggu gerakan...
2026-05-13 09:38:50,314 [INFO] [Supabase] Terkirim | type=heartbeat
2026-05-13 09:39:05,330 [INFO] [HB] cam=False rcwl=True relay=False state=IDLE emergency=False
2026-05-13 09:39:10,134 [INFO] [SIM] Deteksi: Aphid 62% count=4
2026-05-13 09:39:10,592 [INFO] [Supabase] Terkirim | type=heartbeat
2026-05-13 09:39:27,167 [ERROR] [Supabase] Error: HTTPSConnectionPool(host='brfuwgkkvsnbpmssfbwx.supabase.co', port=443): Max retries exceeded with url: /rest/v1/pest_detection (Caused by NewConnectionError('<urllib3.connection.HTTPSConnection object at 0x7769b0fbc610>: Failed to establish a new connection: [Errno -3] Temporary failure in name resolution'))
2026-05-13 09:39:27,168 [INFO] [SIM] Detection payload terkirim
2026-05-13 09:39:27,232 [INFO] [HB] cam=False rcwl=True relay=True state=SPRAYING emergency=False
2026-05-13 09:39:27,511 [INFO] [Supabase] Terkirim | type=heartbeat
2026-05-13 09:39:28,703 [ERROR] [CMD] Fetch error: HTTPSConnectionPool(host='brfuwgkkvsnbpmssfbwx.supabase.co', port=443): Max retries exceeded with url: /rest/v1/device_commands?status=eq.pending&order=created_at.asc (Caused by NewConnectionError('<urllib3.connection.HTTPSConnection object at 0x7769b0fbd1e0>: Failed to establish a new connection: [Errno -3] Temporary failure in name resolution'))
2026-05-13 09:39:42,533 [INFO] [HB] cam=False rcwl=True relay=False state=IDLE emergency=False
2026-05-13 09:39:42,749 [INFO] [Supabase] Terkirim | type=heartbeat
2026-05-13 09:39:51,817 [INFO] [SIM] IDLE — menunggu gerakan...
2026-05-13 09:39:59,363 [INFO] [HB] cam=False rcwl=True relay=False state=IDLE emergency=False
2026-05-13 09:40:02,494 [INFO] [Supabase] Terkirim | type=heartbeat
2026-05-13 09:40:11,838 [INFO] [SIM] Deteksi: Aphid 62% count=4
2026-05-13 09:40:14,072 [INFO] [Supabase] Terkirim | type=detection
2026-05-13 09:40:14,073 [INFO] [SIM] Detection payload terkirim
2026-05-13 09:40:17,513 [INFO] [HB] cam=False rcwl=True relay=False state=IDLE emergency=False
2026-05-13 09:40:20,654 [INFO] [Supabase] Terkirim | type=heartbeat
2026-05-13 09:40:37,255 [INFO] [HB] cam=False rcwl=True relay=False state=IDLE emergency=False
2026-05-13 09:40:38,666 [INFO] [SIM] IDLE — menunggu gerakan...
2026-05-13 09:40:43,507 [INFO] [Supabase] Terkirim | type=heartbeat
2026-05-13 09:41:00,167 [INFO] [HB] cam=False rcwl=True relay=False state=IDLE emergency=False
2026-05-13 09:41:00,328 [INFO] [SIM] Deteksi: Grasshopper 87% count=2
2026-05-13 09:41:03,624 [INFO] [Supabase] Terkirim | type=detection
2026-05-13 09:41:03,626 [INFO] [SIM] Detection payload terkirim
2026-05-13 09:41:03,625 [INFO] [Supabase] Terkirim | type=heartbeat
2026-05-13 09:41:18,639 [INFO] [HB] cam=False rcwl=True relay=False state=IDLE emergency=False
2026-05-13 09:41:18,921 [INFO] [Supabase] Terkirim | type=heartbeat
2026-05-13 09:41:26,645 [INFO] [SIM] IDLE — menunggu gerakan...
2026-05-13 09:41:35,359 [INFO] [HB] cam=False rcwl=True relay=False state=IDLE emergency=False
2026-05-13 09:41:41,943 [ERROR] [CMD] Fetch error: HTTPSConnectionPool(host='brfuwgkkvsnbpmssfbwx.supabase.co', port=443): Max retries exceeded with url: /rest/v1/device_commands?status=eq.pending&order=created_at.asc (Caused by NewConnectionError('<urllib3.connection.HTTPSConnection object at 0x7769b0fbc400>: Failed to establish a new connection: [Errno -3] Temporary failure in name resolution'))
2026-05-13 09:41:45,381 [ERROR] [Supabase] Error: HTTPSConnectionPool(host='brfuwgkkvsnbpmssfbwx.supabase.co', port=443): Max retries exceeded with url: /rest/v1/pest_detection (Caused by NewConnectionError('<urllib3.connection.HTTPSConnection object at 0x7769b0fbce80>: Failed to establish a new connection: [Errno -3] Temporary failure in name resolution'))
2026-05-13 09:41:48,088 [INFO] [SIM] Deteksi: Grasshopper 77% count=1
2026-05-13 09:41:50,377 [INFO] [Supabase] Terkirim | type=detection
2026-05-13 09:41:50,379 [INFO] [SIM] Detection payload terkirim
2026-05-13 09:42:00,395 [INFO] [HB] cam=False rcwl=True relay=False state=IDLE emergency=False
2026-05-13 09:42:14,862 [INFO] [SIM] IDLE — menunggu gerakan...
2026-05-13 09:42:15,069 [INFO] [Supabase] Terkirim | type=heartbeat
2026-05-13 09:42:30,093 [INFO] [HB] cam=False rcwl=True relay=False state=IDLE emergency=False
2026-05-13 09:42:30,343 [INFO] [Supabase] Terkirim | type=heartbeat
2026-05-13 09:42:34,879 [INFO] [SIM] Deteksi: Grasshopper 67% count=4
2026-05-13 09:42:37,080 [INFO] [Supabase] Terkirim | type=detection
2026-05-13 09:42:37,083 [INFO] [SIM] Detection payload terkirim
2026-05-13 09:42:46,787 [INFO] [HB] cam=False rcwl=True relay=False state=IDLE emergency=False
2026-05-13 09:42:48,098 [INFO] [Supabase] Terkirim | type=heartbeat
2026-05-13 09:43:01,527 [INFO] [SIM] IDLE — menunggu gerakan...
2026-05-13 09:43:03,115 [INFO] [HB] cam=False rcwl=True relay=False state=IDLE emergency=False
2026-05-13 09:43:08,256 [INFO] [Supabase] Terkirim | type=heartbeat
2026-05-13 09:43:23,021 [INFO] [SIM] Deteksi: Grasshopper 74% count=2
2026-05-13 09:43:24,746 [INFO] [HB] cam=True rcwl=True relay=False state=ACTIVE emergency=False
2026-05-13 09:43:24,999 [INFO] [Supabase] Terkirim | type=heartbeat
2026-05-13 09:43:25,236 [INFO] [Supabase] Terkirim | type=detection
2026-05-13 09:43:25,241 [INFO] [SIM] Detection payload terkirim
2026-05-13 09:43:40,017 [INFO] [HB] cam=False rcwl=True relay=False state=IDLE emergency=False
2026-05-13 09:43:42,930 [INFO] [Supabase] Terkirim | type=heartbeat
2026-05-13 09:43:49,774 [INFO] [SIM] IDLE — menunggu gerakan...
2026-05-13 09:43:59,835 [INFO] [HB] cam=False rcwl=True relay=False state=IDLE emergency=False
2026-05-13 09:44:05,045 [INFO] [Supabase] Terkirim | type=heartbeat
2026-05-13 09:44:09,791 [INFO] [SIM] Deteksi: Aphid 69% count=1
2026-05-13 09:44:12,016 [INFO] [Supabase] Terkirim | type=detection
2026-05-13 09:44:12,019 [INFO] [SIM] Detection payload terkirim
2026-05-13 09:44:20,061 [INFO] [HB] cam=False rcwl=True relay=False state=IDLE emergency=False
2026-05-13 09:44:24,884 [INFO] [Supabase] Terkirim | type=heartbeat
2026-05-13 09:44:36,527 [INFO] [SIM] IDLE — menunggu gerakan...
2026-05-13 09:44:39,898 [INFO] [HB] cam=False rcwl=True relay=False state=IDLE emergency=False
2026-05-13 09:44:45,094 [INFO] [Supabase] Terkirim | type=heartbeat
2026-05-13 09:44:58,014 [INFO] [SIM] Deteksi: Whitefly 91% count=1
2026-05-13 09:45:01,576 [INFO] [HB] cam=False rcwl=True relay=True state=SPRAYING emergency=False
2026-05-13 09:45:03,875 [INFO] [Supabase] Terkirim | type=detection
2026-05-13 09:45:03,878 [INFO] [SIM] Detection payload terkirim
2026-05-13 09:45:03,879 [INFO] [Supabase] Terkirim | type=heartbeat
2026-05-13 09:45:18,894 [INFO] [HB] cam=False rcwl=True relay=False state=IDLE emergency=False
2026-05-13 09:45:24,073 [INFO] [Supabase] Terkirim | type=heartbeat
2026-05-13 09:45:26,904 [INFO] [SIM] IDLE — menunggu gerakan...
2026-05-13 09:45:40,551 [INFO] [HB] cam=False rcwl=True relay=False state=IDLE emergency=False
2026-05-13 09:45:44,171 [INFO] [Supabase] Terkirim | type=heartbeat
2026-05-13 09:45:49,245 [INFO] [SIM] Deteksi: Grasshopper 64% count=4
2026-05-13 09:45:58,566 [INFO] [Supabase] Terkirim | type=detection
2026-05-13 09:45:58,568 [INFO] [SIM] Detection payload terkirim
2026-05-13 09:45:59,183 [INFO] [HB] cam=False rcwl=True relay=True state=SPRAYING emergency=False
2026-05-13 09:46:05,781 [INFO] [Supabase] Terkirim | type=heartbeat
2026-05-13 09:46:20,799 [INFO] [HB] cam=False rcwl=True relay=False state=IDLE emergency=False
2026-05-13 09:46:22,824 [INFO] [Supabase] Terkirim | type=heartbeat
2026-05-13 09:46:23,061 [INFO] [SIM] IDLE — menunggu gerakan...
2026-05-13 09:46:39,322 [INFO] [HB] cam=False rcwl=True relay=False state=IDLE emergency=False
2026-05-13 09:46:44,563 [INFO] [SIM] Deteksi: Grasshopper 82% count=3
2026-05-13 09:46:47,548 [ERROR] [CMD] Fetch error: HTTPSConnectionPool(host='brfuwgkkvsnbpmssfbwx.supabase.co', port=443): Max retries exceeded with url: /rest/v1/device_commands?status=eq.pending&order=created_at.asc (Caused by NewConnectionError('<urllib3.connection.HTTPSConnection object at 0x7769b0fbcbe0>: Failed to establish a new connection: [Errno -3] Temporary failure in name resolution'))
2026-05-13 09:46:49,357 [ERROR] [Supabase] Error: HTTPSConnectionPool(host='brfuwgkkvsnbpmssfbwx.supabase.co', port=443): Max retries exceeded with url: /rest/v1/pest_detection (Caused by NewConnectionError('<urllib3.connection.HTTPSConnection object at 0x7769b0fbdba0>: Failed to establish a new connection: [Errno -3] Temporary failure in name resolution'))
2026-05-13 09:46:56,595 [ERROR] [Supabase] Error: HTTPSConnectionPool(host='brfuwgkkvsnbpmssfbwx.supabase.co', port=443): Max retries exceeded with url: /rest/v1/pest_detection (Caused by NewConnectionError('<urllib3.connection.HTTPSConnection object at 0x7769b0fbcc70>: Failed to establish a new connection: [Errno -3] Temporary failure in name resolution'))
2026-05-13 09:46:56,597 [INFO] [SIM] Detection payload terkirim
2026-05-13 09:47:00,662 [ERROR] [CMD] Fetch error: HTTPSConnectionPool(host='brfuwgkkvsnbpmssfbwx.supabase.co', port=443): Max retries exceeded with url: /rest/v1/device_commands?status=eq.pending&order=created_at.asc (Caused by NewConnectionError('<urllib3.connection.HTTPSConnection object at 0x7769b0fbca00>: Failed to establish a new connection: [Errno -3] Temporary failure in name resolution'))
2026-05-13 09:47:04,370 [INFO] [HB] cam=False rcwl=True relay=False state=IDLE emergency=False
2026-05-13 09:47:05,574 [INFO] [Supabase] Terkirim | type=heartbeat
2026-05-13 09:47:21,108 [INFO] [SIM] IDLE — menunggu gerakan...
2026-05-13 09:47:22,063 [INFO] [HB] cam=False rcwl=True relay=False state=IDLE emergency=False
2026-05-13 09:47:31,263 [ERROR] [CMD] Fetch error: HTTPSConnectionPool(host='brfuwgkkvsnbpmssfbwx.supabase.co', port=443): Max retries exceeded with url: /rest/v1/device_commands?status=eq.pending&order=created_at.asc (Caused by NewConnectionError('<urllib3.connection.HTTPSConnection object at 0x7769b0fbd240>: Failed to establish a new connection: [Errno -3] Temporary failure in name resolution'))
2026-05-13 09:47:32,084 [ERROR] [Supabase] Error: HTTPSConnectionPool(host='brfuwgkkvsnbpmssfbwx.supabase.co', port=443): Max retries exceeded with url: /rest/v1/pest_detection (Caused by NewConnectionError('<urllib3.connection.HTTPSConnection object at 0x7769b0fbd840>: Failed to establish a new connection: [Errno -3] Temporary failure in name resolution'))
2026-05-13 09:47:41,132 [INFO] [SIM] Deteksi: Aphid 63% count=3
2026-05-13 09:47:45,762 [ERROR] [CMD] Fetch error: HTTPSConnectionPool(host='brfuwgkkvsnbpmssfbwx.supabase.co', port=443): Max retries exceeded with url: /rest/v1/device_commands?status=eq.pending&order=created_at.asc (Caused by NewConnectionError('<urllib3.connection.HTTPSConnection object at 0x7769b0fbd540>: Failed to establish a new connection: [Errno -3] Temporary failure in name resolution'))
2026-05-13 09:47:45,834 [INFO] [Supabase] Terkirim | type=detection
2026-05-13 09:47:45,837 [INFO] [SIM] Detection payload terkirim
2026-05-13 09:47:48,577 [INFO] [HB] cam=False rcwl=True relay=True state=SPRAYING emergency=False
2026-05-13 09:47:55,622 [INFO] [Supabase] Terkirim | type=heartbeat
2026-05-13 09:48:08,857 [INFO] [SIM] IDLE — menunggu gerakan...
2026-05-13 09:48:10,634 [INFO] [HB] cam=False rcwl=True relay=False state=IDLE emergency=False
2026-05-13 09:48:12,671 [INFO] [Supabase] Terkirim | type=heartbeat
2026-05-13 09:48:29,198 [INFO] [HB] cam=False rcwl=True relay=False state=IDLE emergency=False
2026-05-13 09:48:31,921 [INFO] [SIM] Deteksi: Aphid 82% count=2
2026-05-13 09:48:34,357 [INFO] [Supabase] Terkirim | type=heartbeat
2026-05-13 09:48:34,560 [INFO] [Supabase] Terkirim | type=detection
2026-05-13 09:48:34,563 [INFO] [SIM] Detection payload terkirim
2026-05-13 09:48:49,367 [INFO] [HB] cam=False rcwl=True relay=False state=IDLE emergency=False
2026-05-13 09:48:57,580 [INFO] [SIM] IDLE — menunggu gerakan...
2026-05-13 09:48:58,916 [ERROR] [CMD] Fetch error: HTTPSConnectionPool(host='brfuwgkkvsnbpmssfbwx.supabase.co', port=443): Max retries exceeded with url: /rest/v1/device_commands?status=eq.pending&order=created_at.asc (Caused by NewConnectionError('<urllib3.connection.HTTPSConnection object at 0x7769b0fbc5e0>: Failed to establish a new connection: [Errno -3] Temporary failure in name resolution'))
2026-05-13 09:48:59,399 [ERROR] [Supabase] Error: HTTPSConnectionPool(host='brfuwgkkvsnbpmssfbwx.supabase.co', port=443): Max retries exceeded with url: /rest/v1/pest_detection (Caused by NewConnectionError('<urllib3.connection.HTTPSConnection object at 0x7769b0fbca30>: Failed to establish a new connection: [Errno -3] Temporary failure in name resolution'))
2026-05-13 09:49:16,283 [INFO] [HB] cam=False rcwl=True relay=False state=IDLE emergency=False
2026-05-13 09:49:16,704 [INFO] [Supabase] Terkirim | type=heartbeat
2026-05-13 09:49:19,471 [INFO] [SIM] Deteksi: Caterpillar 89% count=2
2026-05-13 09:49:24,660 [INFO] [Supabase] Terkirim | type=detection
2026-05-13 09:49:24,662 [INFO] [SIM] Detection payload terkirim
2026-05-13 09:49:31,729 [INFO] [HB] cam=False rcwl=True relay=False state=IDLE emergency=False
2026-05-13 09:49:32,471 [INFO] [Supabase] Terkirim | type=heartbeat
2026-05-13 09:49:49,169 [INFO] [HB] cam=False rcwl=True relay=False state=IDLE emergency=False
2026-05-13 09:49:49,182 [INFO] [SIM] IDLE — menunggu gerakan...
2026-05-13 09:49:49,382 [INFO] [Supabase] Terkirim | type=heartbeat
2026-05-13 09:50:04,400 [INFO] [HB] cam=False rcwl=True relay=False state=IDLE emergency=False
2026-05-13 09:50:04,598 [INFO] [Supabase] Terkirim | type=heartbeat
2026-05-13 09:50:09,203 [INFO] [SIM] Deteksi: Caterpillar 90% count=1
2026-05-13 09:50:12,651 [INFO] [Supabase] Terkirim | type=detection
2026-05-13 09:50:12,653 [INFO] [SIM] Detection payload terkirim
2026-05-13 09:50:21,148 [INFO] [HB] cam=False rcwl=True relay=False state=IDLE emergency=False
2026-05-13 09:50:28,217 [INFO] [Supabase] Terkirim | type=heartbeat
2026-05-13 09:50:37,210 [INFO] [SIM] IDLE — menunggu gerakan...
2026-05-13 09:50:43,231 [INFO] [HB] cam=False rcwl=True relay=False state=IDLE emergency=False
2026-05-13 09:50:48,336 [INFO] [Supabase] Terkirim | type=heartbeat
2026-05-13 09:50:58,720 [INFO] [SIM] Deteksi: Caterpillar 88% count=1
2026-05-13 09:51:02,685 [INFO] [Supabase] Terkirim | type=detection
2026-05-13 09:51:02,689 [INFO] [SIM] Detection payload terkirim
2026-05-13 09:51:04,833 [INFO] [HB] cam=False rcwl=True relay=True state=SPRAYING emergency=False
2026-05-13 09:51:09,956 [INFO] [Supabase] Terkirim | type=heartbeat
2026-05-13 09:51:15,755 [ERROR] [CMD] Fetch error: HTTPSConnectionPool(host='brfuwgkkvsnbpmssfbwx.supabase.co', port=443): Max retries exceeded with url: /rest/v1/device_commands?status=eq.pending&order=created_at.asc (Caused by NewConnectionError('<urllib3.connection.HTTPSConnection object at 0x7769b0fbd480>: Failed to establish a new connection: [Errno -3] Temporary failure in name resolution'))
2026-05-13 09:51:26,470 [INFO] [HB] cam=False rcwl=True relay=False state=IDLE emergency=False
2026-05-13 09:51:27,218 [INFO] [SIM] IDLE — menunggu gerakan...
2026-05-13 09:51:34,538 [ERROR] [CMD] Fetch error: HTTPSConnectionPool(host='brfuwgkkvsnbpmssfbwx.supabase.co', port=443): Max retries exceeded with url: /rest/v1/device_commands?status=eq.pending&order=created_at.asc (Caused by NewConnectionError('<urllib3.connection.HTTPSConnection object at 0x7769b0fbd390>: Failed to establish a new connection: [Errno -3] Temporary failure in name resolution'))
2026-05-13 09:51:34,782 [INFO] [Supabase] Terkirim | type=heartbeat
2026-05-13 09:51:47,242 [INFO] [SIM] Deteksi: Grasshopper 74% count=2
2026-05-13 09:51:49,474 [INFO] [Supabase] Terkirim | type=detection
2026-05-13 09:51:49,483 [INFO] [SIM] Detection payload terkirim
2026-05-13 09:51:49,799 [INFO] [HB] cam=False rcwl=True relay=True state=SPRAYING emergency=False
2026-05-13 09:51:50,013 [INFO] [Supabase] Terkirim | type=heartbeat
2026-05-13 09:52:06,591 [INFO] [HB] cam=False rcwl=True relay=False state=IDLE emergency=False
2026-05-13 09:52:10,417 [ERROR] [CMD] Fetch error: HTTPSConnectionPool(host='brfuwgkkvsnbpmssfbwx.supabase.co', port=443): Max retries exceeded with url: /rest/v1/device_commands?status=eq.pending&order=created_at.asc (Caused by NewConnectionError('<urllib3.connection.HTTPSConnection object at 0x7769b0fbd8a0>: Failed to establish a new connection: [Errno -3] Temporary failure in name resolution'))
2026-05-13 09:52:12,953 [INFO] [Supabase] Terkirim | type=heartbeat
2026-05-13 09:52:14,078 [INFO] [SIM] IDLE — menunggu gerakan...
2026-05-13 09:52:27,973 [INFO] [HB] cam=False rcwl=True relay=False state=IDLE emergency=False
2026-05-13 09:52:28,195 [INFO] [Supabase] Terkirim | type=heartbeat
2026-05-13 09:52:35,697 [INFO] [SIM] Deteksi: Aphid 97% count=4
2026-05-13 09:52:37,910 [INFO] [Supabase] Terkirim | type=detection
2026-05-13 09:52:37,912 [INFO] [SIM] Detection payload terkirim
2026-05-13 09:52:44,808 [INFO] [HB] cam=False rcwl=True relay=False state=IDLE emergency=False
2026-05-13 09:52:46,550 [INFO] [Supabase] Terkirim | type=heartbeat
2026-05-13 09:53:00,936 [INFO] [SIM] IDLE — menunggu gerakan...
2026-05-13 09:53:01,563 [INFO] [HB] cam=False rcwl=True relay=False state=IDLE emergency=False
2026-05-13 09:53:02,872 [ERROR] [CMD] Fetch error: HTTPSConnectionPool(host='brfuwgkkvsnbpmssfbwx.supabase.co', port=443): Max retries exceeded with url: /rest/v1/device_commands?status=eq.pending&order=created_at.asc (Caused by NewConnectionError('<urllib3.connection.HTTPSConnection object at 0x7769b0fbc1c0>: Failed to establish a new connection: [Errno -3] Temporary failure in name resolution'))
2026-05-13 09:53:08,349 [INFO] [Supabase] Terkirim | type=heartbeat
2026-05-13 09:53:22,523 [INFO] [SIM] Deteksi: Whitefly 95% count=1
2026-05-13 09:53:23,366 [INFO] [HB] cam=True rcwl=True relay=False state=ACTIVE emergency=False
2026-05-13 09:53:23,565 [INFO] [Supabase] Terkirim | type=heartbeat
2026-05-13 09:53:29,457 [INFO] [Supabase] Terkirim | type=detection
2026-05-13 09:53:29,461 [INFO] [SIM] Detection payload terkirim
2026-05-13 09:53:38,587 [INFO] [HB] cam=False rcwl=True relay=False state=IDLE emergency=False
2026-05-13 09:53:50,364 [INFO] [Supabase] Terkirim | type=heartbeat
2026-05-13 09:53:54,073 [INFO] [SIM] IDLE — menunggu gerakan...
2026-05-13 09:54:05,385 [INFO] [HB] cam=False rcwl=True relay=False state=IDLE emergency=False
2026-05-13 09:54:05,621 [INFO] [Supabase] Terkirim | type=heartbeat
2026-05-13 09:54:15,661 [INFO] [SIM] Deteksi: Aphid 70% count=2
2026-05-13 09:54:17,862 [INFO] [Supabase] Terkirim | type=detection
2026-05-13 09:54:17,866 [INFO] [SIM] Detection payload terkirim
2026-05-13 09:54:22,206 [INFO] [HB] cam=False rcwl=True relay=False state=IDLE emergency=False
2026-05-13 09:54:25,385 [INFO] [Supabase] Terkirim | type=heartbeat
2026-05-13 09:54:40,399 [INFO] [HB] cam=False rcwl=True relay=False state=IDLE emergency=False
2026-05-13 09:54:40,895 [INFO] [SIM] IDLE — menunggu gerakan...
2026-05-13 09:54:45,414 [INFO] [Supabase] Terkirim | type=heartbeat
2026-05-13 09:55:01,821 [INFO] [HB] cam=False rcwl=True relay=False state=IDLE emergency=False
2026-05-13 09:55:02,313 [INFO] [Supabase] Terkirim | type=heartbeat
2026-05-13 09:55:02,314 [INFO] [SIM] Deteksi: Caterpillar 78% count=4
2026-05-13 09:55:04,625 [INFO] [Supabase] Terkirim | type=detection
2026-05-13 09:55:04,626 [INFO] [SIM] Detection payload terkirim
2026-05-13 09:55:17,331 [INFO] [HB] cam=False rcwl=True relay=False state=IDLE emergency=False
2026-05-13 09:55:24,008 [INFO] [Supabase] Terkirim | type=heartbeat
2026-05-13 09:55:29,119 [INFO] [SIM] IDLE — menunggu gerakan...
2026-05-13 09:55:39,883 [INFO] [HB] cam=False rcwl=True relay=False state=IDLE emergency=False
2026-05-13 09:55:46,086 [ERROR] [CMD] Fetch error: HTTPSConnectionPool(host='brfuwgkkvsnbpmssfbwx.supabase.co', port=443): Max retries exceeded with url: /rest/v1/device_commands?status=eq.pending&order=created_at.asc (Caused by NewConnectionError('<urllib3.connection.HTTPSConnection object at 0x7769b0fbc1c0>: Failed to establish a new connection: [Errno -3] Temporary failure in name resolution'))
2026-05-13 09:55:49,142 [INFO] [SIM] Deteksi: Caterpillar 93% count=4
2026-05-13 09:55:49,910 [ERROR] [Supabase] Error: HTTPSConnectionPool(host='brfuwgkkvsnbpmssfbwx.supabase.co', port=443): Max retries exceeded with url: /rest/v1/pest_detection (Caused by NewConnectionError('<urllib3.connection.HTTPSConnection object at 0x7769b0fbd480>: Failed to establish a new connection: [Errno -3] Temporary failure in name resolution'))
2026-05-13 09:55:53,084 [INFO] [Supabase] Terkirim | type=detection
2026-05-13 09:55:53,089 [INFO] [SIM] Detection payload terkirim
2026-05-13 09:56:04,929 [INFO] [HB] cam=False rcwl=True relay=False state=IDLE emergency=False
2026-05-13 09:56:06,643 [INFO] [Supabase] Terkirim | type=heartbeat
2026-05-13 09:56:18,239 [INFO] [SIM] IDLE — menunggu gerakan...
2026-05-13 09:56:23,785 [INFO] [HB] cam=False rcwl=True relay=False state=IDLE emergency=False
2026-05-13 09:56:24,004 [INFO] [Supabase] Terkirim | type=heartbeat
2026-05-13 09:56:38,256 [INFO] [SIM] Deteksi: Aphid 79% count=1
2026-05-13 09:56:39,024 [INFO] [HB] cam=True rcwl=True relay=False state=ACTIVE emergency=False
2026-05-13 09:56:42,210 [INFO] [Supabase] Terkirim | type=heartbeat
2026-05-13 09:56:42,252 [INFO] [Supabase] Terkirim | type=detection
2026-05-13 09:56:42,259 [INFO] [SIM] Detection payload terkirim
2026-05-13 09:56:58,702 [INFO] [HB] cam=False rcwl=True relay=False state=IDLE emergency=False
2026-05-13 09:56:59,988 [INFO] [Supabase] Terkirim | type=heartbeat
2026-05-13 09:57:06,758 [INFO] [SIM] IDLE — menunggu gerakan...
2026-05-13 09:57:15,001 [INFO] [HB] cam=False rcwl=True relay=False state=IDLE emergency=False
2026-05-13 09:57:15,609 [INFO] [Supabase] Terkirim | type=heartbeat
2026-05-13 09:57:28,276 [INFO] [SIM] Deteksi: Whitefly 93% count=1
2026-05-13 09:57:32,117 [INFO] [HB] cam=False rcwl=True relay=True state=SPRAYING emergency=False
2026-05-13 09:57:33,426 [INFO] [Supabase] Terkirim | type=detection
2026-05-13 09:57:33,428 [INFO] [SIM] Detection payload terkirim
2026-05-13 09:57:33,472 [INFO] [Supabase] Terkirim | type=heartbeat
2026-05-13 09:57:48,484 [INFO] [HB] cam=False rcwl=True relay=False state=IDLE emergency=False
2026-05-13 09:57:52,164 [INFO] [Supabase] Terkirim | type=heartbeat
2026-05-13 09:57:57,908 [INFO] [SIM] IDLE — menunggu gerakan...
2026-05-13 09:58:08,635 [INFO] [HB] cam=False rcwl=True relay=False state=IDLE emergency=False
2026-05-13 09:58:09,470 [INFO] [Supabase] Terkirim | type=heartbeat
2026-05-13 09:58:17,939 [INFO] [SIM] Deteksi: Caterpillar 69% count=1
2026-05-13 09:58:24,491 [INFO] [HB] cam=False rcwl=True relay=True state=SPRAYING emergency=False
2026-05-13 09:58:24,746 [INFO] [Supabase] Terkirim | type=heartbeat
2026-05-13 09:58:25,164 [INFO] [Supabase] Terkirim | type=detection
2026-05-13 09:58:25,167 [INFO] [SIM] Detection payload terkirim
2026-05-13 09:58:41,166 [INFO] [HB] cam=False rcwl=True relay=False state=IDLE emergency=False
2026-05-13 09:58:44,379 [INFO] [Supabase] Terkirim | type=heartbeat
2026-05-13 09:58:49,594 [INFO] [SIM] IDLE — menunggu gerakan...
2026-05-13 09:58:59,428 [INFO] [HB] cam=False rcwl=True relay=False state=IDLE emergency=False
2026-05-13 09:58:59,621 [INFO] [Supabase] Terkirim | type=heartbeat
2026-05-13 09:59:11,159 [INFO] [SIM] Deteksi: Caterpillar 69% count=1
2026-05-13 09:59:16,180 [INFO] [HB] cam=False rcwl=True relay=True state=SPRAYING emergency=False
2026-05-13 09:59:18,400 [INFO] [Supabase] Terkirim | type=detection
2026-05-13 09:59:18,401 [INFO] [SIM] Detection payload terkirim
2026-05-13 09:59:18,926 [INFO] [Supabase] Terkirim | type=heartbeat
2026-05-13 09:59:33,951 [INFO] [HB] cam=False rcwl=True relay=False state=IDLE emergency=False
2026-05-13 09:59:39,126 [INFO] [Supabase] Terkirim | type=heartbeat
2026-05-13 09:59:41,422 [INFO] [SIM] IDLE — menunggu gerakan...
2026-05-13 09:59:48,170 [ERROR] [CMD] Fetch error: HTTPSConnectionPool(host='brfuwgkkvsnbpmssfbwx.supabase.co', port=443): Max retries exceeded with url: /rest/v1/device_commands?status=eq.pending&order=created_at.asc (Caused by NewConnectionError('<urllib3.connection.HTTPSConnection object at 0x7769b0fbd810>: Failed to establish a new connection: [Errno -3] Temporary failure in name resolution'))
2026-05-13 09:59:56,321 [INFO] [HB] cam=False rcwl=True relay=False state=IDLE emergency=False
2026-05-13 10:00:03,423 [INFO] [Supabase] Terkirim | type=heartbeat
2026-05-13 10:00:03,611 [INFO] [SIM] Deteksi: Aphid 82% count=4
2026-05-13 10:00:10,669 [INFO] [Supabase] Terkirim | type=detection
2026-05-13 10:00:10,671 [INFO] [SIM] Detection payload terkirim
2026-05-13 10:00:18,442 [INFO] [HB] cam=False rcwl=True relay=False state=IDLE emergency=False
2026-05-13 10:00:23,672 [ERROR] [CMD] Fetch error: HTTPSConnectionPool(host='brfuwgkkvsnbpmssfbwx.supabase.co', port=443): Max retries exceeded with url: /rest/v1/device_commands?status=eq.pending&order=created_at.asc (Caused by NewConnectionError('<urllib3.connection.HTTPSConnection object at 0x7769b0fbd420>: Failed to establish a new connection: [Errno -3] Temporary failure in name resolution'))
2026-05-13 10:00:26,641 [INFO] [Supabase] Terkirim | type=heartbeat
2026-05-13 10:00:35,140 [INFO] [SIM] IDLE — menunggu gerakan...
2026-05-13 10:00:41,665 [INFO] [HB] cam=False rcwl=True relay=False state=IDLE emergency=False
2026-05-13 10:00:43,007 [INFO] [Supabase] Terkirim | type=heartbeat
2026-05-13 10:00:55,161 [INFO] [SIM] Deteksi: Grasshopper 63% count=3
2026-05-13 10:00:59,399 [INFO] [HB] cam=False rcwl=True relay=True state=SPRAYING emergency=False
2026-05-13 10:01:01,795 [INFO] [Supabase] Terkirim | type=heartbeat
2026-05-13 10:01:01,841 [INFO] [Supabase] Terkirim | type=detection
2026-05-13 10:01:01,842 [INFO] [SIM] Detection payload terkirim
2026-05-13 10:01:16,815 [INFO] [HB] cam=False rcwl=True relay=False state=IDLE emergency=False
2026-05-13 10:01:21,889 [INFO] [Supabase] Terkirim | type=heartbeat
2026-05-13 10:01:24,863 [INFO] [SIM] IDLE — menunggu gerakan...
2026-05-13 10:01:38,415 [INFO] [HB] cam=False rcwl=True relay=False state=IDLE emergency=False
2026-05-13 10:01:39,169 [INFO] [Supabase] Terkirim | type=heartbeat
2026-05-13 10:01:46,398 [INFO] [SIM] Deteksi: Aphid 74% count=3
2026-05-13 10:01:51,599 [INFO] [Supabase] Terkirim | type=detection
2026-05-13 10:01:51,601 [INFO] [SIM] Detection payload terkirim
2026-05-13 10:01:54,186 [INFO] [HB] cam=False rcwl=True relay=True state=SPRAYING emergency=False
2026-05-13 10:01:54,379 [INFO] [Supabase] Terkirim | type=heartbeat
2026-05-13 10:02:10,809 [INFO] [HB] cam=False rcwl=True relay=False state=IDLE emergency=False
2026-05-13 10:02:16,029 [INFO] [SIM] IDLE — menunggu gerakan...
2026-05-13 10:02:20,828 [ERROR] [Supabase] Error: HTTPSConnectionPool(host='brfuwgkkvsnbpmssfbwx.supabase.co', port=443): Max retries exceeded with url: /rest/v1/pest_detection (Caused by NewConnectionError('<urllib3.connection.HTTPSConnection object at 0x7769b0fbcd90>: Failed to establish a new connection: [Errno -3] Temporary failure in name resolution'))
2026-05-13 10:02:22,472 [ERROR] [CMD] Fetch error: HTTPSConnectionPool(host='brfuwgkkvsnbpmssfbwx.supabase.co', port=443): Max retries exceeded with url: /rest/v1/device_commands?status=eq.pending&order=created_at.asc (Caused by NewConnectionError('<urllib3.connection.HTTPSConnection object at 0x7769b0fbccd0>: Failed to establish a new connection: [Errno -3] Temporary failure in name resolution'))
2026-05-13 10:02:35,847 [INFO] [HB] cam=False rcwl=True relay=False state=IDLE emergency=False
2026-05-13 10:02:36,049 [INFO] [SIM] Deteksi: Whitefly 82% count=2
2026-05-13 10:02:36,168 [INFO] [Supabase] Terkirim | type=heartbeat
2026-05-13 10:02:43,277 [INFO] [Supabase] Terkirim | type=detection
2026-05-13 10:02:43,280 [INFO] [SIM] Detection payload terkirim
2026-05-13 10:02:52,753 [INFO] [HB] cam=False rcwl=True relay=False state=IDLE emergency=False
2026-05-13 10:02:58,169 [INFO] [Supabase] Terkirim | type=heartbeat
2026-05-13 10:03:06,300 [INFO] [SIM] IDLE — menunggu gerakan...
2026-05-13 10:03:14,716 [INFO] [HB] cam=False rcwl=True relay=False state=IDLE emergency=False
2026-05-13 10:03:19,777 [INFO] [Supabase] Terkirim | type=heartbeat
2026-05-13 10:03:27,820 [INFO] [SIM] Deteksi: Caterpillar 70% count=3
2026-05-13 10:03:30,016 [INFO] [Supabase] Terkirim | type=detection
2026-05-13 10:03:30,018 [INFO] [SIM] Detection payload terkirim
2026-05-13 10:03:34,797 [INFO] [HB] cam=False rcwl=True relay=False state=IDLE emergency=False
2026-05-13 10:03:39,765 [INFO] [Supabase] Terkirim | type=heartbeat
2026-05-13 10:03:54,548 [INFO] [SIM] IDLE — menunggu gerakan...
2026-05-13 10:03:55,290 [ERROR] [CMD] Fetch error: HTTPSConnectionPool(host='brfuwgkkvsnbpmssfbwx.supabase.co', port=443): Max retries exceeded with url: /rest/v1/device_commands?status=eq.pending&order=created_at.asc (Caused by NewConnectionError('<urllib3.connection.HTTPSConnection object at 0x7769b0fbcf40>: Failed to establish a new connection: [Errno -3] Temporary failure in name resolution'))
2026-05-13 10:03:56,289 [INFO] [HB] cam=False rcwl=True relay=False state=IDLE emergency=False
2026-05-13 10:03:56,513 [INFO] [Supabase] Terkirim | type=heartbeat
2026-05-13 10:04:11,560 [INFO] [HB] cam=False rcwl=True relay=False state=IDLE emergency=False
2026-05-13 10:04:11,804 [INFO] [Supabase] Terkirim | type=heartbeat
2026-05-13 10:04:14,573 [INFO] [SIM] Deteksi: Caterpillar 74% count=3
2026-05-13 10:04:16,841 [INFO] [Supabase] Terkirim | type=detection
2026-05-13 10:04:16,842 [INFO] [SIM] Detection payload terkirim
2026-05-13 10:04:28,325 [INFO] [HB] cam=False rcwl=True relay=False state=IDLE emergency=False
2026-05-13 10:04:28,834 [INFO] [Supabase] Terkirim | type=heartbeat
2026-05-13 10:04:41,369 [INFO] [SIM] IDLE — menunggu gerakan...
2026-05-13 10:04:43,850 [INFO] [HB] cam=False rcwl=True relay=False state=IDLE emergency=False
2026-05-13 10:04:50,053 [INFO] [Supabase] Terkirim | type=heartbeat
2026-05-13 10:05:02,915 [INFO] [SIM] Deteksi: Caterpillar 63% count=3
2026-05-13 10:05:06,592 [INFO] [HB] cam=False rcwl=True relay=True state=SPRAYING emergency=False
2026-05-13 10:05:08,897 [INFO] [Supabase] Terkirim | type=detection
2026-05-13 10:05:08,898 [INFO] [SIM] Detection payload terkirim
2026-05-13 10:05:09,763 [INFO] [Supabase] Terkirim | type=heartbeat
2026-05-13 10:05:24,780 [INFO] [HB] cam=False rcwl=True relay=False state=IDLE emergency=False
2026-05-13 10:05:26,324 [INFO] [Supabase] Terkirim | type=heartbeat
2026-05-13 10:05:33,402 [INFO] [SIM] IDLE — menunggu gerakan...
2026-05-13 10:07:27,199 [INFO] [HB] cam=False rcwl=True relay=False state=IDLE emergency=False
2026-05-13 10:07:28,589 [ERROR] [CMD] Fetch error: HTTPSConnectionPool(host='brfuwgkkvsnbpmssfbwx.supabase.co', port=443): Max retries exceeded with url: /rest/v1/device_commands?status=eq.pending&order=created_at.asc (Caused by NewConnectionError('<urllib3.connection.HTTPSConnection object at 0x7769b0fbc3a0>: Failed to establish a new connection: [Errno -3] Temporary failure in name resolution'))
2026-05-13 10:07:39,428 [INFO] [SIM] Deteksi: Caterpillar 95% count=4
2026-05-13 10:07:39,566 [INFO] [Supabase] Terkirim | type=heartbeat
2026-05-13 10:07:42,307 [INFO] [Supabase] Terkirim | type=detection
2026-05-13 10:07:42,372 [INFO] [SIM] Detection payload terkirim
2026-05-13 10:07:54,577 [INFO] [HB] cam=False rcwl=True relay=False state=IDLE emergency=False
2026-05-13 10:07:57,728 [INFO] [Supabase] Terkirim | type=heartbeat
2026-05-13 10:08:05,415 [INFO] [SIM] IDLE — menunggu gerakan...
2026-05-13 10:08:14,360 [INFO] [HB] cam=False rcwl=True relay=False state=IDLE emergency=False
2026-05-13 10:08:17,172 [INFO] [Supabase] Terkirim | type=heartbeat
2026-05-13 10:08:27,027 [INFO] [SIM] Deteksi: Grasshopper 71% count=3
2026-05-13 10:08:30,426 [INFO] [Supabase] Terkirim | type=detection
2026-05-13 10:08:30,427 [INFO] [SIM] Detection payload terkirim
2026-05-13 10:08:32,186 [INFO] [HB] cam=False rcwl=True relay=True state=SPRAYING emergency=False
2026-05-13 10:08:38,106 [INFO] [Supabase] Terkirim | type=heartbeat
2026-05-13 10:08:54,864 [INFO] [HB] cam=False rcwl=True relay=False state=IDLE emergency=False
2026-05-13 10:08:55,213 [INFO] [SIM] IDLE — menunggu gerakan...
2026-05-13 10:08:55,973 [INFO] [Supabase] Terkirim | type=heartbeat
2026-05-13 10:09:10,998 [INFO] [HB] cam=False rcwl=True relay=False state=IDLE emergency=False
2026-05-13 10:09:11,281 [INFO] [Supabase] Terkirim | type=heartbeat
2026-05-13 10:09:15,252 [INFO] [SIM] Deteksi: Caterpillar 82% count=2
2026-05-13 10:10:39,890 [INFO] [HB] cam=False rcwl=True relay=True state=SPRAYING emergency=False
2026-05-13 10:10:45,602 [INFO] [Supabase] Terkirim | type=heartbeat
2026-05-13 10:10:45,841 [ERROR] [Supabase] Error: HTTPSConnectionPool(host='brfuwgkkvsnbpmssfbwx.supabase.co', port=443): Max retries exceeded with url: /rest/v1/pest_detection (Caused by NewConnectionError('<urllib3.connection.HTTPSConnection object at 0x7769b0fbd4e0>: Failed to establish a new connection: [Errno -3] Temporary failure in name resolution'))
2026-05-13 10:10:45,843 [INFO] [SIM] Detection payload terkirim
2026-05-13 10:10:47,570 [ERROR] [CMD] Fetch error: HTTPSConnectionPool(host='brfuwgkkvsnbpmssfbwx.supabase.co', port=443): Max retries exceeded with url: /rest/v1/device_commands?status=eq.pending&order=created_at.asc (Caused by NewConnectionError('<urllib3.connection.HTTPSConnection object at 0x7769b0fbd300>: Failed to establish a new connection: [Errno -3] Temporary failure in name resolution'))
2026-05-13 10:11:00,619 [INFO] [HB] cam=False rcwl=True relay=False state=IDLE emergency=False
2026-05-13 10:11:01,784 [INFO] [Supabase] Terkirim | type=heartbeat
2026-05-13 10:11:10,312 [INFO] [SIM] IDLE — menunggu gerakan...
2026-05-13 10:11:18,257 [INFO] [HB] cam=False rcwl=True relay=False state=IDLE emergency=False
2026-05-13 10:11:20,692 [INFO] [Supabase] Terkirim | type=heartbeat
2026-05-13 10:11:30,331 [INFO] [SIM] Deteksi: Whitefly 71% count=3
2026-05-13 10:11:34,307 [INFO] [Supabase] Terkirim | type=detection
2026-05-13 10:11:34,308 [INFO] [SIM] Detection payload terkirim
2026-05-13 10:11:35,710 [INFO] [HB] cam=False rcwl=True relay=True state=SPRAYING emergency=False
2026-05-13 10:11:36,080 [INFO] [Supabase] Terkirim | type=heartbeat
2026-05-13 10:11:54,668 [INFO] [HB] cam=False rcwl=True relay=False state=IDLE emergency=False
2026-05-13 10:11:55,870 [INFO] [Supabase] Terkirim | type=heartbeat
2026-05-13 10:12:00,972 [INFO] [SIM] IDLE — menunggu gerakan...
2026-05-13 10:12:10,885 [INFO] [HB] cam=False rcwl=True relay=False state=IDLE emergency=False
2026-05-13 10:12:19,590 [INFO] [Supabase] Terkirim | type=heartbeat
2026-05-13 10:12:24,096 [INFO] [SIM] Deteksi: Whitefly 68% count=4
2026-05-13 10:12:30,323 [INFO] [Supabase] Terkirim | type=detection
2026-05-13 10:12:30,325 [INFO] [SIM] Detection payload terkirim
2026-05-13 10:12:34,601 [INFO] [HB] cam=False rcwl=True relay=False state=IDLE emergency=False
2026-05-13 10:12:39,667 [INFO] [Supabase] Terkirim | type=heartbeat
2026-05-13 10:12:54,902 [INFO] [SIM] IDLE — menunggu gerakan...
2026-05-13 10:12:56,233 [INFO] [HB] cam=False rcwl=True relay=False state=IDLE emergency=False
2026-05-13 10:12:56,474 [INFO] [Supabase] Terkirim | type=heartbeat
2026-05-13 10:13:11,492 [INFO] [HB] cam=False rcwl=True relay=False state=IDLE emergency=False
2026-05-13 10:13:12,069 [INFO] [Supabase] Terkirim | type=heartbeat
2026-05-13 10:26:17,983 [INFO] [SIM] Deteksi: Caterpillar 77% count=3
2026-05-13 10:54:26,353 [INFO] [HB] cam=False rcwl=True relay=True state=SPRAYING emergency=False
2026-05-13 10:54:26,591 [INFO] [Supabase] Terkirim | type=heartbeat
2026-05-13 10:54:41,610 [INFO] [HB] cam=False rcwl=True relay=True state=SPRAYING emergency=False
2026-05-13 10:54:45,799 [INFO] [Supabase] Terkirim | type=heartbeat
2026-05-13 10:55:02,092 [INFO] [HB] cam=False rcwl=True relay=True state=SPRAYING emergency=False
2026-05-13 10:55:11,385 [INFO] [Supabase] Terkirim | type=heartbeat
2026-05-13 10:55:26,407 [INFO] [HB] cam=False rcwl=True relay=True state=SPRAYING emergency=False
2026-05-13 10:55:32,203 [INFO] [Supabase] Terkirim | type=heartbeat
2026-05-13 10:55:47,285 [INFO] [HB] cam=False rcwl=True relay=True state=SPRAYING emergency=False
2026-05-13 10:55:48,916 [INFO] [Supabase] Terkirim | type=heartbeat
2026-05-13 10:56:04,781 [INFO] [HB] cam=False rcwl=True relay=True state=SPRAYING emergency=False
2026-05-13 10:56:06,367 [INFO] [Supabase] Terkirim | type=heartbeat
2026-05-13 10:56:21,385 [INFO] [HB] cam=False rcwl=True relay=True state=SPRAYING emergency=False
2026-05-13 10:56:24,367 [INFO] [Supabase] Terkirim | type=heartbeat
2026-05-13 10:56:40,264 [INFO] [HB] cam=False rcwl=True relay=True state=SPRAYING emergency=False
2026-05-13 10:56:40,517 [INFO] [Supabase] Terkirim | type=heartbeat
2026-05-13 10:56:55,536 [INFO] [HB] cam=False rcwl=True relay=True state=SPRAYING emergency=False
2026-05-13 10:57:00,775 [INFO] [Supabase] Terkirim | type=heartbeat
2026-05-13 10:57:16,923 [INFO] [HB] cam=False rcwl=True relay=True state=SPRAYING emergency=False
2026-05-13 10:57:23,121 [INFO] [Supabase] Terkirim | type=heartbeat
2026-05-13 10:57:39,023 [INFO] [HB] cam=False rcwl=True relay=True state=SPRAYING emergency=False
2026-05-13 10:57:43,298 [INFO] [Supabase] Terkirim | type=heartbeat
2026-05-13 10:57:58,317 [INFO] [HB] cam=False rcwl=True relay=True state=SPRAYING emergency=False
2026-05-13 10:58:00,747 [INFO] [Supabase] Terkirim | type=heartbeat
2026-05-13 10:58:16,943 [INFO] [HB] cam=False rcwl=True relay=True state=SPRAYING emergency=False
2026-05-13 10:58:18,223 [INFO] [Supabase] Terkirim | type=heartbeat
2026-05-13 10:58:33,243 [INFO] [HB] cam=False rcwl=True relay=True state=SPRAYING emergency=False
2026-05-13 10:58:34,455 [ERROR] [CMD] Fetch error: HTTPSConnectionPool(host='brfuwgkkvsnbpmssfbwx.supabase.co', port=443): Max retries exceeded with url: /rest/v1/device_commands?status=eq.pending&order=created_at.asc (Caused by NewConnectionError('<urllib3.connection.HTTPSConnection object at 0x7769b0fbca90>: Failed to establish a new connection: [Errno -3] Temporary failure in name resolution'))
2026-05-13 10:58:41,007 [INFO] [Supabase] Terkirim | type=heartbeat
2026-05-13 10:58:57,097 [INFO] [HB] cam=False rcwl=True relay=True state=SPRAYING emergency=False
2026-05-13 10:58:57,614 [INFO] [Supabase] Terkirim | type=heartbeat
2026-05-13 10:59:12,631 [INFO] [HB] cam=False rcwl=True relay=True state=SPRAYING emergency=False
2026-05-13 10:59:20,690 [ERROR] [CMD] Fetch error: HTTPSConnectionPool(host='brfuwgkkvsnbpmssfbwx.supabase.co', port=443): Max retries exceeded with url: /rest/v1/device_commands?status=eq.pending&order=created_at.asc (Caused by NewConnectionError('<urllib3.connection.HTTPSConnection object at 0x7769b0fbd5a0>: Failed to establish a new connection: [Errno -3] Temporary failure in name resolution'))
2026-05-13 10:59:23,796 [ERROR] [Supabase] Error: HTTPSConnectionPool(host='brfuwgkkvsnbpmssfbwx.supabase.co', port=443): Max retries exceeded with url: /rest/v1/pest_detection (Caused by NewConnectionError('<urllib3.connection.HTTPSConnection object at 0x7769b0fbd630>: Failed to establish a new connection: [Errno -3] Temporary failure in name resolution'))
2026-05-13 10:59:37,149 [ERROR] [CMD] Fetch error: HTTPSConnectionPool(host='brfuwgkkvsnbpmssfbwx.supabase.co', port=443): Max retries exceeded with url: /rest/v1/device_commands?status=eq.pending&order=created_at.asc (Caused by NewConnectionError('<urllib3.connection.HTTPSConnection object at 0x7769b0fbd300>: Failed to establish a new connection: [Errno -3] Temporary failure in name resolution'))
2026-05-13 10:59:38,814 [INFO] [HB] cam=False rcwl=True relay=True state=SPRAYING emergency=False
2026-05-13 10:59:39,397 [INFO] [Supabase] Terkirim | type=heartbeat
2026-05-13 10:59:55,616 [INFO] [HB] cam=False rcwl=True relay=True state=SPRAYING emergency=False
2026-05-13 11:00:00,859 [INFO] [Supabase] Terkirim | type=heartbeat
2026-05-13 11:00:15,877 [INFO] [HB] cam=False rcwl=True relay=True state=SPRAYING emergency=False
2026-05-13 11:00:16,559 [INFO] [Supabase] Terkirim | type=heartbeat
2026-05-13 11:00:32,802 [INFO] [HB] cam=False rcwl=True relay=True state=SPRAYING emergency=False
2026-05-13 11:00:33,129 [INFO] [Supabase] Terkirim | type=heartbeat
2026-05-13 11:00:48,144 [INFO] [HB] cam=False rcwl=True relay=True state=SPRAYING emergency=False
2026-05-13 11:00:48,634 [INFO] [Supabase] Terkirim | type=heartbeat
2026-05-13 11:01:04,886 [INFO] [HB] cam=False rcwl=True relay=True state=SPRAYING emergency=False
2026-05-13 11:01:08,275 [INFO] [Supabase] Terkirim | type=heartbeat
2026-05-13 11:01:23,291 [INFO] [HB] cam=False rcwl=True relay=True state=SPRAYING emergency=False
2026-05-13 11:01:23,663 [INFO] [Supabase] Terkirim | type=heartbeat
2026-05-13 11:01:40,015 [INFO] [HB] cam=False rcwl=True relay=True state=SPRAYING emergency=False
2026-05-13 11:01:42,344 [INFO] [Supabase] Terkirim | type=heartbeat
2026-05-13 11:01:57,363 [INFO] [HB] cam=False rcwl=True relay=True state=SPRAYING emergency=False
2026-05-13 11:02:05,884 [INFO] [Supabase] Terkirim | type=heartbeat
2026-05-13 11:02:20,902 [INFO] [HB] cam=False rcwl=True relay=True state=SPRAYING emergency=False
2026-05-13 11:02:21,315 [INFO] [Supabase] Terkirim | type=heartbeat
2026-05-13 11:02:36,333 [INFO] [HB] cam=False rcwl=True relay=True state=SPRAYING emergency=False
2026-05-13 11:02:44,613 [ERROR] [CMD] Fetch error: HTTPSConnectionPool(host='brfuwgkkvsnbpmssfbwx.supabase.co', port=443): Max retries exceeded with url: /rest/v1/device_commands?status=eq.pending&order=created_at.asc (Caused by NewConnectionError('<urllib3.connection.HTTPSConnection object at 0x7769b0fbc5e0>: Failed to establish a new connection: [Errno -3] Temporary failure in name resolution'))
2026-05-13 11:02:47,699 [ERROR] [Supabase] Error: HTTPSConnectionPool(host='brfuwgkkvsnbpmssfbwx.supabase.co', port=443): Max retries exceeded with url: /rest/v1/pest_detection (Caused by NewConnectionError('<urllib3.connection.HTTPSConnection object at 0x7769b0fbccd0>: Failed to establish a new connection: [Errno -3] Temporary failure in name resolution'))
2026-05-13 11:02:57,639 [ERROR] [CMD] Fetch error: HTTPSConnectionPool(host='brfuwgkkvsnbpmssfbwx.supabase.co', port=443): Max retries exceeded with url: /rest/v1/device_commands?status=eq.pending&order=created_at.asc (Caused by NewConnectionError('<urllib3.connection.HTTPSConnection object at 0x7769b0fbd330>: Failed to establish a new connection: [Errno -3] Temporary failure in name resolution'))
2026-05-13 11:03:02,716 [INFO] [HB] cam=False rcwl=True relay=True state=SPRAYING emergency=False
2026-05-13 11:03:06,774 [INFO] [Supabase] Terkirim | type=heartbeat
2026-05-13 11:03:10,665 [ERROR] [CMD] Fetch error: HTTPSConnectionPool(host='brfuwgkkvsnbpmssfbwx.supabase.co', port=443): Max retries exceeded with url: /rest/v1/device_commands?status=eq.pending&order=created_at.asc (Caused by NewConnectionError('<urllib3.connection.HTTPSConnection object at 0x7769b0fbd810>: Failed to establish a new connection: [Errno -3] Temporary failure in name resolution'))
2026-05-13 11:03:23,004 [INFO] [HB] cam=False rcwl=True relay=True state=SPRAYING emergency=False
2026-05-13 11:03:23,550 [INFO] [Supabase] Terkirim | type=heartbeat
2026-05-13 11:03:38,565 [INFO] [HB] cam=False rcwl=True relay=True state=SPRAYING emergency=False
2026-05-13 11:03:39,006 [INFO] [Supabase] Terkirim | type=heartbeat
2026-05-13 11:03:55,313 [INFO] [HB] cam=False rcwl=True relay=True state=SPRAYING emergency=False
2026-05-13 11:03:58,096 [INFO] [Supabase] Terkirim | type=heartbeat
2026-05-13 11:04:11,124 [ERROR] [CMD] Fetch error: HTTPSConnectionPool(host='brfuwgkkvsnbpmssfbwx.supabase.co', port=443): Max retries exceeded with url: /rest/v1/device_commands?status=eq.pending&order=created_at.asc (Caused by NewConnectionError('<urllib3.connection.HTTPSConnection object at 0x7769b0fbc4f0>: Failed to establish a new connection: [Errno -3] Temporary failure in name resolution'))
2026-05-13 11:04:13,114 [INFO] [HB] cam=False rcwl=True relay=True state=SPRAYING emergency=False
2026-05-13 11:04:24,386 [ERROR] [Supabase] Error: HTTPSConnectionPool(host='brfuwgkkvsnbpmssfbwx.supabase.co', port=443): Max retries exceeded with url: /rest/v1/pest_detection (Caused by NewConnectionError('<urllib3.connection.HTTPSConnection object at 0x7769b0fbce50>: Failed to establish a new connection: [Errno -3] Temporary failure in name resolution'))
2026-05-13 11:04:25,400 [ERROR] [CMD] Fetch error: HTTPSConnectionPool(host='brfuwgkkvsnbpmssfbwx.supabase.co', port=443): Max retries exceeded with url: /rest/v1/device_commands?status=eq.pending&order=created_at.asc (Caused by NewConnectionError('<urllib3.connection.HTTPSConnection object at 0x7769b0fbd090>: Failed to establish a new connection: [Errno -3] Temporary failure in name resolution'))
2026-05-13 11:04:39,404 [INFO] [HB] cam=False rcwl=True relay=True state=SPRAYING emergency=False
2026-05-13 11:04:42,296 [INFO] [Supabase] Terkirim | type=heartbeat
2026-05-13 11:04:58,647 [INFO] [HB] cam=False rcwl=True relay=True state=SPRAYING emergency=False
2026-05-13 11:04:59,940 [INFO] [Supabase] Terkirim | type=heartbeat
2026-05-13 11:05:14,960 [INFO] [HB] cam=False rcwl=True relay=True state=SPRAYING emergency=False
2026-05-13 11:05:20,163 [INFO] [Supabase] Terkirim | type=heartbeat
2026-05-13 11:05:36,353 [INFO] [HB] cam=False rcwl=True relay=True state=SPRAYING emergency=False
2026-05-13 11:05:37,102 [INFO] [Supabase] Terkirim | type=heartbeat
2026-05-13 11:05:52,124 [INFO] [HB] cam=False rcwl=True relay=True state=SPRAYING emergency=False
2026-05-13 11:06:03,365 [ERROR] [Supabase] Error: HTTPSConnectionPool(host='brfuwgkkvsnbpmssfbwx.supabase.co', port=443): Max retries exceeded with url: /rest/v1/pest_detection (Caused by NewConnectionError('<urllib3.connection.HTTPSConnection object at 0x7769b0fbd060>: Failed to establish a new connection: [Errno -3] Temporary failure in name resolution'))
2026-05-13 11:06:18,384 [INFO] [HB] cam=False rcwl=True relay=True state=SPRAYING emergency=False
2026-05-13 11:06:21,777 [INFO] [Supabase] Terkirim | type=heartbeat
2026-05-13 11:06:38,028 [INFO] [HB] cam=False rcwl=True relay=True state=SPRAYING emergency=False
2026-05-13 11:06:48,541 [INFO] [Supabase] Terkirim | type=heartbeat
2026-05-13 11:07:03,560 [INFO] [HB] cam=False rcwl=True relay=True state=SPRAYING emergency=False
2026-05-13 11:07:10,047 [INFO] [Supabase] Terkirim | type=heartbeat
2026-05-13 11:07:25,067 [INFO] [HB] cam=False rcwl=True relay=True state=SPRAYING emergency=False
2026-05-13 11:07:30,605 [INFO] [Supabase] Terkirim | type=heartbeat
2026-05-13 11:07:46,800 [INFO] [HB] cam=False rcwl=True relay=True state=SPRAYING emergency=False
2026-05-13 11:07:54,302 [INFO] [Supabase] Terkirim | type=heartbeat
2026-05-13 11:08:09,321 [INFO] [HB] cam=False rcwl=True relay=True state=SPRAYING emergency=False
2026-05-13 11:08:20,698 [ERROR] [Supabase] Error: HTTPSConnectionPool(host='brfuwgkkvsnbpmssfbwx.supabase.co', port=443): Max retries exceeded with url: /rest/v1/pest_detection (Caused by NewConnectionError('<urllib3.connection.HTTPSConnection object at 0x7769b0fbde10>: Failed to establish a new connection: [Errno -3] Temporary failure in name resolution'))
2026-05-13 11:08:35,717 [INFO] [HB] cam=False rcwl=True relay=True state=SPRAYING emergency=False
2026-05-13 11:08:36,926 [INFO] [Supabase] Terkirim | type=heartbeat
2026-05-13 11:08:53,076 [INFO] [HB] cam=False rcwl=True relay=True state=SPRAYING emergency=False
2026-05-13 11:09:12,442 [ERROR] [Supabase] Error: HTTPSConnectionPool(host='brfuwgkkvsnbpmssfbwx.supabase.co', port=443): Read timed out. (read timeout=10)
2026-05-13 11:09:28,747 [INFO] [HB] cam=False rcwl=True relay=True state=SPRAYING emergency=False
2026-05-13 11:09:29,149 [INFO] [Supabase] Terkirim | type=heartbeat
2026-05-13 11:09:44,171 [INFO] [HB] cam=False rcwl=True relay=True state=SPRAYING emergency=False
2026-05-13 11:09:46,091 [INFO] [Supabase] Terkirim | type=heartbeat
2026-05-13 11:10:02,309 [INFO] [HB] cam=False rcwl=True relay=True state=SPRAYING emergency=False
2026-05-13 11:10:12,326 [ERROR] [Supabase] Error: HTTPSConnectionPool(host='brfuwgkkvsnbpmssfbwx.supabase.co', port=443): Max retries exceeded with url: /rest/v1/pest_detection (Caused by NewConnectionError('<urllib3.connection.HTTPSConnection object at 0x7769b0fbc3a0>: Failed to establish a new connection: [Errno -3] Temporary failure in name resolution'))
2026-05-13 11:10:27,346 [INFO] [HB] cam=False rcwl=True relay=True state=SPRAYING emergency=False
2026-05-13 11:10:32,654 [INFO] [Supabase] Terkirim | type=heartbeat
2026-05-13 11:10:47,673 [INFO] [HB] cam=False rcwl=True relay=True state=SPRAYING emergency=False
2026-05-13 11:10:48,568 [INFO] [Supabase] Terkirim | type=heartbeat
2026-05-13 11:11:03,588 [INFO] [HB] cam=False rcwl=True relay=True state=SPRAYING emergency=False
2026-05-13 11:11:03,907 [INFO] [Supabase] Terkirim | type=heartbeat
2026-05-13 11:11:20,186 [INFO] [HB] cam=False rcwl=True relay=True state=SPRAYING emergency=False
2026-05-13 11:11:30,235 [ERROR] [Supabase] Error: HTTPSConnectionPool(host='brfuwgkkvsnbpmssfbwx.supabase.co', port=443): Max retries exceeded with url: /rest/v1/pest_detection (Caused by NewConnectionError('<urllib3.connection.HTTPSConnection object at 0x7769b0fbe620>: Failed to establish a new connection: [Errno -3] Temporary failure in name resolution'))
2026-05-13 11:11:46,598 [INFO] [HB] cam=False rcwl=True relay=True state=SPRAYING emergency=False
2026-05-13 11:11:51,623 [INFO] [Supabase] Terkirim | type=heartbeat
2026-05-13 11:12:06,644 [INFO] [HB] cam=False rcwl=True relay=True state=SPRAYING emergency=False
2026-05-13 11:12:07,747 [INFO] [Supabase] Terkirim | type=heartbeat
2026-05-13 11:12:24,047 [INFO] [HB] cam=False rcwl=True relay=True state=SPRAYING emergency=False
2026-05-13 11:12:24,842 [INFO] [Supabase] Terkirim | type=heartbeat
2026-05-13 11:12:39,862 [INFO] [HB] cam=False rcwl=True relay=True state=SPRAYING emergency=False
2026-05-13 11:12:40,414 [INFO] [Supabase] Terkirim | type=heartbeat
2026-05-13 11:12:56,628 [INFO] [HB] cam=False rcwl=True relay=True state=SPRAYING emergency=False
2026-05-13 11:13:01,821 [INFO] [Supabase] Terkirim | type=heartbeat
2026-05-13 11:13:16,840 [INFO] [HB] cam=False rcwl=True relay=True state=SPRAYING emergency=False
2026-05-13 11:13:18,260 [INFO] [Supabase] Terkirim | type=heartbeat
2026-05-13 11:13:34,592 [INFO] [HB] cam=False rcwl=True relay=True state=SPRAYING emergency=False
2026-05-13 11:13:34,956 [INFO] [Supabase] Terkirim | type=heartbeat
2026-05-13 11:13:49,976 [INFO] [HB] cam=False rcwl=True relay=True state=SPRAYING emergency=False
2026-05-13 11:13:50,260 [INFO] [Supabase] Terkirim | type=heartbeat
2026-05-13 11:14:06,482 [INFO] [HB] cam=False rcwl=True relay=True state=SPRAYING emergency=False
2026-05-13 11:14:06,739 [INFO] [Supabase] Terkirim | type=heartbeat
2026-05-13 11:14:21,756 [INFO] [HB] cam=False rcwl=True relay=True state=SPRAYING emergency=False
2026-05-13 11:14:25,183 [INFO] [Supabase] Terkirim | type=heartbeat
2026-05-13 11:14:41,491 [INFO] [HB] cam=False rcwl=True relay=True state=SPRAYING emergency=False
2026-05-13 11:14:44,856 [INFO] [Supabase] Terkirim | type=heartbeat
2026-05-13 11:14:59,875 [INFO] [HB] cam=False rcwl=True relay=True state=SPRAYING emergency=False
2026-05-13 11:15:02,312 [INFO] [Supabase] Terkirim | type=heartbeat
2026-05-13 11:15:17,329 [INFO] [HB] cam=False rcwl=True relay=True state=SPRAYING emergency=False
2026-05-13 11:15:18,484 [INFO] [Supabase] Terkirim | type=heartbeat
2026-05-13 11:15:33,506 [INFO] [HB] cam=False rcwl=True relay=True state=SPRAYING emergency=False
2026-05-13 11:15:36,996 [INFO] [Supabase] Terkirim | type=heartbeat
2026-05-13 11:15:52,017 [INFO] [HB] cam=False rcwl=True relay=True state=SPRAYING emergency=False
2026-05-13 11:15:53,748 [INFO] [Supabase] Terkirim | type=heartbeat
2026-05-13 11:16:09,939 [INFO] [HB] cam=False rcwl=True relay=True state=SPRAYING emergency=False
2026-05-13 11:16:10,429 [INFO] [Supabase] Terkirim | type=heartbeat
2026-05-13 11:16:25,448 [INFO] [HB] cam=False rcwl=True relay=True state=SPRAYING emergency=False
2026-05-13 11:16:30,775 [INFO] [Supabase] Terkirim | type=heartbeat
2026-05-13 11:16:45,788 [INFO] [HB] cam=False rcwl=True relay=True state=SPRAYING emergency=False
2026-05-13 11:16:46,408 [INFO] [Supabase] Terkirim | type=heartbeat
2026-05-13 11:17:03,094 [INFO] [HB] cam=False rcwl=True relay=True state=SPRAYING emergency=False
2026-05-13 11:17:04,612 [INFO] [Supabase] Terkirim | type=heartbeat
2026-05-13 11:17:19,627 [INFO] [HB] cam=False rcwl=True relay=True state=SPRAYING emergency=False
2026-05-13 11:17:23,299 [INFO] [Supabase] Terkirim | type=heartbeat
2026-05-13 11:17:39,527 [INFO] [HB] cam=False rcwl=True relay=True state=SPRAYING emergency=False
2026-05-13 11:17:43,482 [INFO] [Supabase] Terkirim | type=heartbeat
2026-05-13 11:17:58,500 [INFO] [HB] cam=False rcwl=True relay=True state=SPRAYING emergency=False
2026-05-13 11:18:02,232 [INFO] [Supabase] Terkirim | type=heartbeat
2026-05-13 11:18:18,522 [INFO] [HB] cam=False rcwl=True relay=True state=SPRAYING emergency=False
2026-05-13 11:18:22,032 [INFO] [Supabase] Terkirim | type=heartbeat
2026-05-13 11:18:37,051 [INFO] [HB] cam=False rcwl=True relay=True state=SPRAYING emergency=False
2026-05-13 11:18:41,346 [INFO] [Supabase] Terkirim | type=heartbeat
2026-05-13 11:18:56,368 [INFO] [HB] cam=False rcwl=True relay=True state=SPRAYING emergency=False
2026-05-13 11:19:06,389 [ERROR] [Supabase] Error: HTTPSConnectionPool(host='brfuwgkkvsnbpmssfbwx.supabase.co', port=443): Max retries exceeded with url: /rest/v1/pest_detection (Caused by NewConnectionError('<urllib3.connection.HTTPSConnection object at 0x7769b0fbe140>: Failed to establish a new connection: [Errno -3] Temporary failure in name resolution'))
2026-05-13 11:19:22,303 [INFO] [HB] cam=False rcwl=True relay=True state=SPRAYING emergency=False
2026-05-13 11:19:22,699 [INFO] [Supabase] Terkirim | type=heartbeat
2026-05-13 11:19:37,717 [INFO] [HB] cam=False rcwl=True relay=True state=SPRAYING emergency=False
2026-05-13 11:19:38,417 [INFO] [Supabase] Terkirim | type=heartbeat
2026-05-13 11:19:54,578 [INFO] [HB] cam=False rcwl=True relay=True state=SPRAYING emergency=False
2026-05-13 11:20:04,604 [ERROR] [Supabase] Error: HTTPSConnectionPool(host='brfuwgkkvsnbpmssfbwx.supabase.co', port=443): Max retries exceeded with url: /rest/v1/pest_detection (Caused by NewConnectionError('<urllib3.connection.HTTPSConnection object at 0x7769b0fbd0f0>: Failed to establish a new connection: [Errno -3] Temporary failure in name resolution'))
2026-05-13 11:20:19,621 [INFO] [HB] cam=False rcwl=True relay=True state=SPRAYING emergency=False
2026-05-13 11:20:23,222 [INFO] [Supabase] Terkirim | type=heartbeat
2026-05-13 11:20:38,240 [INFO] [HB] cam=False rcwl=True relay=True state=SPRAYING emergency=False
2026-05-13 11:20:45,823 [INFO] [Supabase] Terkirim | type=heartbeat
2026-05-13 11:21:02,458 [INFO] [HB] cam=False rcwl=True relay=True state=SPRAYING emergency=False
2026-05-13 11:21:07,979 [INFO] [Supabase] Terkirim | type=heartbeat
2026-05-13 11:21:22,993 [INFO] [HB] cam=False rcwl=True relay=True state=SPRAYING emergency=False
2026-05-13 11:21:23,845 [INFO] [Supabase] Terkirim | type=heartbeat
2026-05-13 11:21:39,873 [INFO] [HB] cam=False rcwl=True relay=True state=SPRAYING emergency=False
2026-05-13 11:21:47,634 [INFO] [Supabase] Terkirim | type=heartbeat
2026-05-13 11:22:04,050 [INFO] [HB] cam=False rcwl=True relay=True state=SPRAYING emergency=False
